[0.013s] Invoking command in '/ws_moveit/build/robotiq_controllers': CMAKE_PREFIX_PATH=/opt/ros/humble /usr/bin/cmake /ws_moveit/src/ros2_robotiq_gripper/robotiq_controllers -DCMAKE_INSTALL_PREFIX=/ws_moveit/install/robotiq_controllers
[0.061s] -- The C compiler identification is GNU 11.4.0
[0.107s] -- The CXX compiler identification is GNU 11.4.0
[0.113s] -- Detecting C compiler ABI info
[0.169s] -- Detecting C compiler ABI info - done
[0.176s] -- Check for working C compiler: /usr/bin/cc - skipped
[0.176s] -- Detecting C compile features
[0.176s] -- Detecting C compile features - done
[0.179s] -- Detecting CXX compiler ABI info
[0.244s] -- Detecting CXX compiler ABI info - done
[0.250s] -- Check for working CXX compiler: /usr/bin/c++ - skipped
[0.250s] -- Detecting CXX compile features
[0.250s] -- Detecting CXX compile features - done
[0.253s] -- Found ament_cmake: 1.3.11 (/opt/ros/humble/share/ament_cmake/cmake)
[0.388s] -- Found Python3: /usr/bin/python3 (found version "3.10.12") found components: Interpreter 
[0.473s] -- Found controller_interface: 2.51.0 (/opt/ros/humble/share/controller_interface/cmake)
[0.522s] -- Found rosidl_generator_c: 3.1.6 (/opt/ros/humble/share/rosidl_generator_c/cmake)
[0.526s] -- Found rosidl_adapter: 3.1.6 (/opt/ros/humble/share/rosidl_adapter/cmake)
[0.533s] -- Found rosidl_generator_cpp: 3.1.6 (/opt/ros/humble/share/rosidl_generator_cpp/cmake)
[0.542s] -- Using all available rosidl_typesupport_c: rosidl_typesupport_fastrtps_c;rosidl_typesupport_introspection_c
[0.554s] -- Using all available rosidl_typesupport_cpp: rosidl_typesupport_fastrtps_cpp;rosidl_typesupport_introspection_cpp
[0.704s] -- Found rmw_implementation_cmake: 6.1.2 (/opt/ros/humble/share/rmw_implementation_cmake/cmake)
[0.706s] -- Found rmw_fastrtps_cpp: 6.2.7 (/opt/ros/humble/share/rmw_fastrtps_cpp/cmake)
[0.724s] -- Found TinyXML2 via Config file: TinyXML2_DIR-NOTFOUND
[0.773s] -- Found OpenSSL: /usr/lib/x86_64-linux-gnu/libcrypto.so (found version "3.0.2")  
[0.775s] -- Found TinyXML2 via Config file: TinyXML2_DIR-NOTFOUND
[0.787s] -- Found FastRTPS: /opt/ros/humble/include  
[0.789s] -- Found TinyXML2 via Config file: TinyXML2_DIR-NOTFOUND
[0.796s] -- Found TinyXML2 via Config file: TinyXML2_DIR-NOTFOUND
[0.806s] -- Using RMW implementation 'rmw_fastrtps_cpp' as default
[0.813s] -- Looking for pthread.h
[0.871s] -- Looking for pthread.h - found
[0.871s] -- Performing Test CMAKE_HAVE_LIBC_PTHREAD
[0.936s] -- Performing Test CMAKE_HAVE_LIBC_PTHREAD - Success
[0.937s] -- Found Threads: TRUE  
[0.977s] -- Found std_srvs: 4.9.0 (/opt/ros/humble/share/std_srvs/cmake)
[0.990s] -- Found ament_lint_auto: 0.12.12 (/opt/ros/humble/share/ament_lint_auto/cmake)
[1.050s] -- Added test 'cppcheck' to perform static code analysis on C / C++ code
[1.050s] -- Configured cppcheck include dirs: /ws_moveit/src/ros2_robotiq_gripper/robotiq_controllers/include
[1.050s] -- Configured cppcheck exclude dirs and/or files: 
[1.051s] -- Added test 'lint_cmake' to check CMake code style
[1.052s] -- Configuring done
[1.070s] -- Generating done
[1.074s] -- Build files have been written to: /ws_moveit/build/robotiq_controllers
[1.085s] Invoked command in '/ws_moveit/build/robotiq_controllers' returned '0': CMAKE_PREFIX_PATH=/opt/ros/humble /usr/bin/cmake /ws_moveit/src/ros2_robotiq_gripper/robotiq_controllers -DCMAKE_INSTALL_PREFIX=/ws_moveit/install/robotiq_controllers
[1.086s] Invoking command in '/ws_moveit/build/robotiq_controllers': CMAKE_PREFIX_PATH=/opt/ros/humble /usr/bin/cmake --build /ws_moveit/build/robotiq_controllers -- -j12 -l12
[1.133s] [ 50%] [32mBuilding CXX object CMakeFiles/robotiq_controllers.dir/src/robotiq_activation_controller.cpp.o[0m
[3.075s] [100%] [32m[1mLinking CXX shared library librobotiq_controllers.so[0m
[3.188s] [100%] Built target robotiq_controllers
[3.197s] Invoked command in '/ws_moveit/build/robotiq_controllers' returned '0': CMAKE_PREFIX_PATH=/opt/ros/humble /usr/bin/cmake --build /ws_moveit/build/robotiq_controllers -- -j12 -l12
[3.198s] Invoking command in '/ws_moveit/build/robotiq_controllers': CMAKE_PREFIX_PATH=/opt/ros/humble /usr/bin/cmake --install /ws_moveit/build/robotiq_controllers
[3.205s] -- Install configuration: ""
[3.205s] -- Installing: /ws_moveit/install/robotiq_controllers/share/robotiq_controllers/controller_plugins.xml
[3.205s] -- Installing: /ws_moveit/install/robotiq_controllers/lib/librobotiq_controllers.so
[3.206s] -- Set runtime path of "/ws_moveit/install/robotiq_controllers/lib/librobotiq_controllers.so" to ""
[3.206s] -- Installing: /ws_moveit/install/robotiq_controllers/include
[3.206s] -- Installing: /ws_moveit/install/robotiq_controllers/include/robotiq_controllers
[3.206s] -- Installing: /ws_moveit/install/robotiq_controllers/include/robotiq_controllers/robotiq_activation_controller.hpp
[3.206s] -- Installing: /ws_moveit/install/robotiq_controllers/share/robotiq_controllers/environment/library_path.sh
[3.206s] -- Installing: /ws_moveit/install/robotiq_controllers/share/robotiq_controllers/environment/library_path.dsv
[3.206s] -- Installing: /ws_moveit/install/robotiq_controllers/share/ament_index/resource_index/package_run_dependencies/robotiq_controllers
[3.206s] -- Installing: /ws_moveit/install/robotiq_controllers/share/ament_index/resource_index/parent_prefix_path/robotiq_controllers
[3.206s] -- Installing: /ws_moveit/install/robotiq_controllers/share/robotiq_controllers/environment/ament_prefix_path.sh
[3.206s] -- Installing: /ws_moveit/install/robotiq_controllers/share/robotiq_controllers/environment/ament_prefix_path.dsv
[3.206s] -- Installing: /ws_moveit/install/robotiq_controllers/share/robotiq_controllers/environment/path.sh
[3.206s] -- Installing: /ws_moveit/install/robotiq_controllers/share/robotiq_controllers/environment/path.dsv
[3.207s] -- Installing: /ws_moveit/install/robotiq_controllers/share/robotiq_controllers/local_setup.bash
[3.207s] -- Installing: /ws_moveit/install/robotiq_controllers/share/robotiq_controllers/local_setup.sh
[3.207s] -- Installing: /ws_moveit/install/robotiq_controllers/share/robotiq_controllers/local_setup.zsh
[3.207s] -- Installing: /ws_moveit/install/robotiq_controllers/share/robotiq_controllers/local_setup.dsv
[3.207s] -- Installing: /ws_moveit/install/robotiq_controllers/share/robotiq_controllers/package.dsv
[3.207s] -- Installing: /ws_moveit/install/robotiq_controllers/share/ament_index/resource_index/packages/robotiq_controllers
[3.207s] -- Installing: /ws_moveit/install/robotiq_controllers/share/ament_index/resource_index/controller_interface__pluginlib__plugin/robotiq_controllers
[3.207s] -- Installing: /ws_moveit/install/robotiq_controllers/share/robotiq_controllers/cmake/export_robotiq_controllersExport.cmake
[3.207s] -- Installing: /ws_moveit/install/robotiq_controllers/share/robotiq_controllers/cmake/export_robotiq_controllersExport-noconfig.cmake
[3.207s] -- Installing: /ws_moveit/install/robotiq_controllers/share/robotiq_controllers/cmake/ament_cmake_export_include_directories-extras.cmake
[3.207s] -- Installing: /ws_moveit/install/robotiq_controllers/share/robotiq_controllers/cmake/ament_cmake_export_libraries-extras.cmake
[3.207s] -- Installing: /ws_moveit/install/robotiq_controllers/share/robotiq_controllers/cmake/ament_cmake_export_targets-extras.cmake
[3.207s] -- Installing: /ws_moveit/install/robotiq_controllers/share/robotiq_controllers/cmake/ament_cmake_export_dependencies-extras.cmake
[3.207s] -- Installing: /ws_moveit/install/robotiq_controllers/share/robotiq_controllers/cmake/robotiq_controllersConfig.cmake
[3.208s] -- Installing: /ws_moveit/install/robotiq_controllers/share/robotiq_controllers/cmake/robotiq_controllersConfig-version.cmake
[3.208s] -- Installing: /ws_moveit/install/robotiq_controllers/share/robotiq_controllers/package.xml
[3.209s] Invoked command in '/ws_moveit/build/robotiq_controllers' returned '0': CMAKE_PREFIX_PATH=/opt/ros/humble /usr/bin/cmake --install /ws_moveit/build/robotiq_controllers
