[0.030s] Invoking command in '/ws_moveit/build/ur_yt_sim': CMAKE_PREFIX_PATH=/opt/ros/humble /usr/bin/cmake /ws_moveit/src/ur_yt_sim -DCMAKE_INSTALL_PREFIX=/ws_moveit/install/ur_yt_sim
[0.317s] -- The C compiler identification is GNU 11.4.0
[0.540s] -- The CXX compiler identification is GNU 11.4.0
[0.569s] -- Detecting C compiler ABI info
[0.754s] -- Detecting C compiler ABI info - done
[0.775s] -- Check for working C compiler: /usr/bin/cc - skipped
[0.778s] -- Detecting C compile features
[0.779s] -- Detecting C compile features - done
[0.788s] -- Detecting CXX compiler ABI info
[1.014s] -- Detecting CXX compiler ABI info - done
[1.037s] -- Check for working CXX compiler: /usr/bin/c++ - skipped
[1.038s] -- Detecting CXX compile features
[1.039s] -- Detecting CXX compile features - done
[1.056s] -- Found ament_cmake: 1.3.11 (/opt/ros/humble/share/ament_cmake/cmake)
[1.476s] -- Found Python3: /usr/bin/python3 (found version "3.10.12") found components: Interpreter 
[1.789s] -- Found xacro: 2.0.13 (/opt/ros/humble/share/xacro/cmake)
[1.798s] -- Found rclcpp: 16.0.12 (/opt/ros/humble/share/rclcpp/cmake)
[1.998s] -- Found rosidl_generator_c: 3.1.6 (/opt/ros/humble/share/rosidl_generator_c/cmake)
[2.011s] -- Found rosidl_adapter: 3.1.6 (/opt/ros/humble/share/rosidl_adapter/cmake)
[2.027s] -- Found rosidl_generator_cpp: 3.1.6 (/opt/ros/humble/share/rosidl_generator_cpp/cmake)
[2.050s] -- Using all available rosidl_typesupport_c: rosidl_typesupport_fastrtps_c;rosidl_typesupport_introspection_c
[2.095s] -- Using all available rosidl_typesupport_cpp: rosidl_typesupport_fastrtps_cpp;rosidl_typesupport_introspection_cpp
[2.177s] -- Found rmw_implementation_cmake: 6.1.2 (/opt/ros/humble/share/rmw_implementation_cmake/cmake)
[2.184s] -- Found rmw_fastrtps_cpp: 6.2.7 (/opt/ros/humble/share/rmw_fastrtps_cpp/cmake)
[2.444s] -- Found OpenSSL: /usr/lib/x86_64-linux-gnu/libcrypto.so (found version "3.0.2")  
[2.528s] -- Found FastRTPS: /opt/ros/humble/include  
[2.677s] -- Using RMW implementation 'rmw_fastrtps_cpp' as default
[2.717s] -- Looking for pthread.h
[2.941s] -- Looking for pthread.h - found
[2.942s] -- Performing Test CMAKE_HAVE_LIBC_PTHREAD
[3.150s] -- Performing Test CMAKE_HAVE_LIBC_PTHREAD - Success
[3.153s] -- Found Threads: TRUE  
[3.346s] -- Found trajectory_msgs: 4.9.0 (/opt/ros/humble/share/trajectory_msgs/cmake)
[3.481s] -- Found ament_lint_auto: 0.12.12 (/opt/ros/humble/share/ament_lint_auto/cmake)
[3.667s] -- Added test 'flake8' to check Python code syntax and style conventions
[3.668s] -- Added test 'lint_cmake' to check CMake code style
[3.670s] -- Added test 'pep257' to check Python code against some of the docstring style conventions in PEP 257
[3.679s] -- Added test 'xmllint' to check XML markup files
[3.683s] -- Configuring done
[3.691s] -- Generating done
[3.694s] -- Build files have been written to: /ws_moveit/build/ur_yt_sim
[3.707s] Invoked command in '/ws_moveit/build/ur_yt_sim' returned '0': CMAKE_PREFIX_PATH=/opt/ros/humble /usr/bin/cmake /ws_moveit/src/ur_yt_sim -DCMAKE_INSTALL_PREFIX=/ws_moveit/install/ur_yt_sim
[3.711s] Invoking command in '/ws_moveit/build/ur_yt_sim': CMAKE_PREFIX_PATH=/opt/ros/humble /usr/bin/cmake --build /ws_moveit/build/ur_yt_sim -- -j12 -l12
[3.796s] Invoked command in '/ws_moveit/build/ur_yt_sim' returned '0': CMAKE_PREFIX_PATH=/opt/ros/humble /usr/bin/cmake --build /ws_moveit/build/ur_yt_sim -- -j12 -l12
[3.815s] Invoking command in '/ws_moveit/build/ur_yt_sim': CMAKE_PREFIX_PATH=/opt/ros/humble /usr/bin/cmake --install /ws_moveit/build/ur_yt_sim
[3.836s] -- Install configuration: ""
[3.837s] -- Installing: /ws_moveit/install/ur_yt_sim/share/ur_yt_sim/launch
[3.837s] -- Installing: /ws_moveit/install/ur_yt_sim/share/ur_yt_sim/launch/view_ur5_camera_gripper.launch.py
[3.837s] -- Installing: /ws_moveit/install/ur_yt_sim/share/ur_yt_sim/launch/spawn_ur5_camera_gripper.launch.py
[3.837s] -- Installing: /ws_moveit/install/ur_yt_sim/share/ur_yt_sim/launch/spawn_ur5_camera_gripper_moveit.launch.py
[3.837s] -- Installing: /ws_moveit/install/ur_yt_sim/share/ur_yt_sim/launch/spawn_ur5_camera.launch.py
[3.838s] -- Installing: /ws_moveit/install/ur_yt_sim/share/ur_yt_sim/launch/spawn_ur5_camera_moveit.launch.py
[3.838s] -- Installing: /ws_moveit/install/ur_yt_sim/share/ur_yt_sim/launch/view_ur5_camera.launch.py
[3.838s] -- Installing: /ws_moveit/install/ur_yt_sim/share/ur_yt_sim/urdf
[3.838s] -- Installing: /ws_moveit/install/ur_yt_sim/share/ur_yt_sim/urdf/robotiq_gripper.ros2_control.xacro
[3.838s] -- Installing: /ws_moveit/install/ur_yt_sim/share/ur_yt_sim/urdf/ur5_macro.xacro
[3.839s] -- Installing: /ws_moveit/install/ur_yt_sim/share/ur_yt_sim/urdf/robotiq_gripper_macro.xacro
[3.839s] -- Installing: /ws_moveit/install/ur_yt_sim/share/ur_yt_sim/urdf/camera.xacro
[3.839s] -- Installing: /ws_moveit/install/ur_yt_sim/share/ur_yt_sim/urdf/ur5_camera.urdf.xacro
[3.839s] -- Installing: /ws_moveit/install/ur_yt_sim/share/ur_yt_sim/urdf/ur5_camera_gripper.urdf.xacro
[3.839s] -- Installing: /ws_moveit/install/ur_yt_sim/share/ur_yt_sim/urdf/ur5.ros2_control.xacro
[3.839s] -- Installing: /ws_moveit/install/ur_yt_sim/share/ur_yt_sim/config
[3.840s] -- Installing: /ws_moveit/install/ur_yt_sim/share/ur_yt_sim/config/ur5_controllers.yaml
[3.840s] -- Installing: /ws_moveit/install/ur_yt_sim/share/ur_yt_sim/config/ur5_controllers_gripper.yaml
[3.840s] -- Installing: /ws_moveit/install/ur_yt_sim/share/ur_yt_sim/config/initial_positions.yaml
[3.840s] -- Installing: /ws_moveit/install/ur_yt_sim/share/ur_yt_sim/meshes
[3.840s] -- Installing: /ws_moveit/install/ur_yt_sim/share/ur_yt_sim/meshes/sensors
[3.840s] -- Installing: /ws_moveit/install/ur_yt_sim/share/ur_yt_sim/meshes/sensors/camera
[3.840s] -- Installing: /ws_moveit/install/ur_yt_sim/share/ur_yt_sim/meshes/sensors/camera/kinetic.png
[3.841s] -- Installing: /ws_moveit/install/ur_yt_sim/share/ur_yt_sim/meshes/sensors/camera/kinetic.dae
[3.841s] -- Installing: /ws_moveit/install/ur_yt_sim/share/ur_yt_sim/meshes/sensors/camera/kinetic.stl
[3.841s] -- Installing: /ws_moveit/install/ur_yt_sim/share/ur_yt_sim/worlds
[3.841s] -- Installing: /ws_moveit/install/ur_yt_sim/share/ur_yt_sim/rviz
[3.841s] -- Installing: /ws_moveit/install/ur_yt_sim/share/ur_yt_sim/rviz/view_ur5_camera.rviz
[3.841s] -- Installing: /ws_moveit/install/ur_yt_sim/share/ur_yt_sim/rviz/config_ur5_robotiq.rviz
[3.841s] -- Installing: /ws_moveit/install/ur_yt_sim/share/ament_index/resource_index/package_run_dependencies/ur_yt_sim
[3.842s] -- Installing: /ws_moveit/install/ur_yt_sim/share/ament_index/resource_index/parent_prefix_path/ur_yt_sim
[3.842s] -- Installing: /ws_moveit/install/ur_yt_sim/share/ur_yt_sim/environment/ament_prefix_path.sh
[3.842s] -- Installing: /ws_moveit/install/ur_yt_sim/share/ur_yt_sim/environment/ament_prefix_path.dsv
[3.842s] -- Installing: /ws_moveit/install/ur_yt_sim/share/ur_yt_sim/environment/path.sh
[3.842s] -- Installing: /ws_moveit/install/ur_yt_sim/share/ur_yt_sim/environment/path.dsv
[3.842s] -- Installing: /ws_moveit/install/ur_yt_sim/share/ur_yt_sim/local_setup.bash
[3.843s] -- Installing: /ws_moveit/install/ur_yt_sim/share/ur_yt_sim/local_setup.sh
[3.843s] -- Installing: /ws_moveit/install/ur_yt_sim/share/ur_yt_sim/local_setup.zsh
[3.844s] -- Installing: /ws_moveit/install/ur_yt_sim/share/ur_yt_sim/local_setup.dsv
[3.844s] -- Installing: /ws_moveit/install/ur_yt_sim/share/ur_yt_sim/package.dsv
[3.844s] -- Installing: /ws_moveit/install/ur_yt_sim/share/ament_index/resource_index/packages/ur_yt_sim
[3.845s] -- Installing: /ws_moveit/install/ur_yt_sim/share/ur_yt_sim/cmake/ur_yt_simConfig.cmake
[3.846s] -- Installing: /ws_moveit/install/ur_yt_sim/share/ur_yt_sim/cmake/ur_yt_simConfig-version.cmake
[3.846s] -- Installing: /ws_moveit/install/ur_yt_sim/share/ur_yt_sim/package.xml
[3.848s] Invoked command in '/ws_moveit/build/ur_yt_sim' returned '0': CMAKE_PREFIX_PATH=/opt/ros/humble /usr/bin/cmake --install /ws_moveit/build/ur_yt_sim
