[0.009s] Invoking command in '/ws_moveit/build/ur_simulation_gazebo': AMENT_PREFIX_PATH=/ws_moveit/install/ur_description:${AMENT_PREFIX_PATH} CMAKE_PREFIX_PATH=/ws_moveit/install/ur_description:/opt/ros/humble /usr/bin/cmake /ws_moveit/src/Universal_Robots_ROS2_Gazebo_Simulation/ur_simulation_gazebo -DCMAKE_INSTALL_PREFIX=/ws_moveit/install/ur_simulation_gazebo
[0.055s] -- The C compiler identification is GNU 11.4.0
[0.096s] -- The CXX compiler identification is GNU 11.4.0
[0.101s] -- Detecting C compiler ABI info
[0.161s] -- Detecting C compiler ABI info - done
[0.167s] -- Check for working C compiler: /usr/bin/cc - skipped
[0.168s] -- Detecting C compile features
[0.168s] -- Detecting C compile features - done
[0.171s] -- Detecting CXX compiler ABI info
[0.235s] -- Detecting CXX compiler ABI info - done
[0.243s] -- Check for working CXX compiler: /usr/bin/c++ - skipped
[0.243s] -- Detecting CXX compile features
[0.244s] -- Detecting CXX compile features - done
[0.247s] -- Found ament_cmake: 1.3.11 (/opt/ros/humble/share/ament_cmake/cmake)
[0.368s] -- Found Python3: /usr/bin/python3 (found version "3.10.12") found components: Interpreter 
[0.438s] -- Found launch_testing_ament_cmake: 1.0.9 (/opt/ros/humble/share/launch_testing_ament_cmake/cmake)
[0.441s] -- Found python_cmake_module: 0.10.0 (/opt/ros/humble/share/python_cmake_module/cmake)
[0.456s] -- Found PythonInterp: /usr/bin/python3 (found suitable version "3.10.12", minimum required is "3.6") 
[0.467s] -- Found PythonLibs: /usr/lib/x86_64-linux-gnu/libpython3.10.so (found suitable version "3.10.12", minimum required is "3.5") 
[0.468s] -- Using PYTHON_EXECUTABLE: /usr/bin/python3
[0.468s] -- Using PYTHON_INCLUDE_DIRS: /usr/include/python3.10
[0.468s] -- Using PYTHON_LIBRARIES: /usr/lib/x86_64-linux-gnu/libpython3.10.so
[0.485s] -- Found PythonExtra: .so  
[0.487s] -- Found ament_cmake_pytest: 1.3.11 (/opt/ros/humble/share/ament_cmake_pytest/cmake)
[0.533s] -- Configuring done
[0.534s] -- Generating done
[0.535s] -- Build files have been written to: /ws_moveit/build/ur_simulation_gazebo
[0.542s] Invoked command in '/ws_moveit/build/ur_simulation_gazebo' returned '0': AMENT_PREFIX_PATH=/ws_moveit/install/ur_description:${AMENT_PREFIX_PATH} CMAKE_PREFIX_PATH=/ws_moveit/install/ur_description:/opt/ros/humble /usr/bin/cmake /ws_moveit/src/Universal_Robots_ROS2_Gazebo_Simulation/ur_simulation_gazebo -DCMAKE_INSTALL_PREFIX=/ws_moveit/install/ur_simulation_gazebo
[0.543s] Invoking command in '/ws_moveit/build/ur_simulation_gazebo': AMENT_PREFIX_PATH=/ws_moveit/install/ur_description:${AMENT_PREFIX_PATH} CMAKE_PREFIX_PATH=/ws_moveit/install/ur_description:/opt/ros/humble /usr/bin/cmake --build /ws_moveit/build/ur_simulation_gazebo -- -j12 -l12
[0.577s] Invoked command in '/ws_moveit/build/ur_simulation_gazebo' returned '0': AMENT_PREFIX_PATH=/ws_moveit/install/ur_description:${AMENT_PREFIX_PATH} CMAKE_PREFIX_PATH=/ws_moveit/install/ur_description:/opt/ros/humble /usr/bin/cmake --build /ws_moveit/build/ur_simulation_gazebo -- -j12 -l12
[0.579s] Invoking command in '/ws_moveit/build/ur_simulation_gazebo': AMENT_PREFIX_PATH=/ws_moveit/install/ur_description:${AMENT_PREFIX_PATH} CMAKE_PREFIX_PATH=/ws_moveit/install/ur_description:/opt/ros/humble /usr/bin/cmake --install /ws_moveit/build/ur_simulation_gazebo
[0.584s] -- Install configuration: ""
[0.584s] -- Installing: /ws_moveit/install/ur_simulation_gazebo/share/ur_simulation_gazebo/config
[0.584s] -- Installing: /ws_moveit/install/ur_simulation_gazebo/share/ur_simulation_gazebo/config/ur_controllers.yaml
[0.584s] -- Installing: /ws_moveit/install/ur_simulation_gazebo/share/ur_simulation_gazebo/launch
[0.585s] -- Installing: /ws_moveit/install/ur_simulation_gazebo/share/ur_simulation_gazebo/launch/ur_sim_moveit.launch.py
[0.585s] -- Installing: /ws_moveit/install/ur_simulation_gazebo/share/ur_simulation_gazebo/launch/ur_sim_control.launch.py
[0.585s] -- Installing: /ws_moveit/install/ur_simulation_gazebo/share/ament_index/resource_index/package_run_dependencies/ur_simulation_gazebo
[0.585s] -- Installing: /ws_moveit/install/ur_simulation_gazebo/share/ament_index/resource_index/parent_prefix_path/ur_simulation_gazebo
[0.585s] -- Installing: /ws_moveit/install/ur_simulation_gazebo/share/ur_simulation_gazebo/environment/ament_prefix_path.sh
[0.585s] -- Installing: /ws_moveit/install/ur_simulation_gazebo/share/ur_simulation_gazebo/environment/ament_prefix_path.dsv
[0.585s] -- Installing: /ws_moveit/install/ur_simulation_gazebo/share/ur_simulation_gazebo/environment/path.sh
[0.585s] -- Installing: /ws_moveit/install/ur_simulation_gazebo/share/ur_simulation_gazebo/environment/path.dsv
[0.585s] -- Installing: /ws_moveit/install/ur_simulation_gazebo/share/ur_simulation_gazebo/local_setup.bash
[0.585s] -- Installing: /ws_moveit/install/ur_simulation_gazebo/share/ur_simulation_gazebo/local_setup.sh
[0.585s] -- Installing: /ws_moveit/install/ur_simulation_gazebo/share/ur_simulation_gazebo/local_setup.zsh
[0.585s] -- Installing: /ws_moveit/install/ur_simulation_gazebo/share/ur_simulation_gazebo/local_setup.dsv
[0.585s] -- Installing: /ws_moveit/install/ur_simulation_gazebo/share/ur_simulation_gazebo/package.dsv
[0.585s] -- Installing: /ws_moveit/install/ur_simulation_gazebo/share/ament_index/resource_index/packages/ur_simulation_gazebo
[0.585s] -- Installing: /ws_moveit/install/ur_simulation_gazebo/share/ur_simulation_gazebo/cmake/ur_simulation_gazeboConfig.cmake
[0.586s] -- Installing: /ws_moveit/install/ur_simulation_gazebo/share/ur_simulation_gazebo/cmake/ur_simulation_gazeboConfig-version.cmake
[0.586s] -- Installing: /ws_moveit/install/ur_simulation_gazebo/share/ur_simulation_gazebo/package.xml
[0.587s] Invoked command in '/ws_moveit/build/ur_simulation_gazebo' returned '0': AMENT_PREFIX_PATH=/ws_moveit/install/ur_description:${AMENT_PREFIX_PATH} CMAKE_PREFIX_PATH=/ws_moveit/install/ur_description:/opt/ros/humble /usr/bin/cmake --install /ws_moveit/build/ur_simulation_gazebo
