[0.010s] Invoking command in '/ws_moveit/build/robotiq_description': CMAKE_PREFIX_PATH=/opt/ros/humble /usr/bin/cmake /ws_moveit/src/ros2_robotiq_gripper/robotiq_description -DCMAKE_INSTALL_PREFIX=/ws_moveit/install/robotiq_description
[0.056s] -- The C compiler identification is GNU 11.4.0
[0.108s] -- The CXX compiler identification is GNU 11.4.0
[0.114s] -- Detecting C compiler ABI info
[0.173s] -- Detecting C compiler ABI info - done
[0.180s] -- Check for working C compiler: /usr/bin/cc - skipped
[0.180s] -- Detecting C compile features
[0.180s] -- Detecting C compile features - done
[0.183s] -- Detecting CXX compiler ABI info
[0.250s] -- Detecting CXX compiler ABI info - done
[0.256s] -- Check for working CXX compiler: /usr/bin/c++ - skipped
[0.257s] -- Detecting CXX compile features
[0.257s] -- Detecting CXX compile features - done
[0.259s] -- Found ament_cmake: 1.3.11 (/opt/ros/humble/share/ament_cmake/cmake)
[0.379s] -- Found Python3: /usr/bin/python3 (found version "3.10.12") found components: Interpreter 
[0.505s] -- Configuring done
[0.507s] -- Generating done
[0.509s] -- Build files have been written to: /ws_moveit/build/robotiq_description
[0.512s] Invoked command in '/ws_moveit/build/robotiq_description' returned '0': CMAKE_PREFIX_PATH=/opt/ros/humble /usr/bin/cmake /ws_moveit/src/ros2_robotiq_gripper/robotiq_description -DCMAKE_INSTALL_PREFIX=/ws_moveit/install/robotiq_description
[0.514s] Invoking command in '/ws_moveit/build/robotiq_description': CMAKE_PREFIX_PATH=/opt/ros/humble /usr/bin/cmake --build /ws_moveit/build/robotiq_description -- -j12 -l12
[0.548s] Invoked command in '/ws_moveit/build/robotiq_description' returned '0': CMAKE_PREFIX_PATH=/opt/ros/humble /usr/bin/cmake --build /ws_moveit/build/robotiq_description -- -j12 -l12
[0.556s] Invoking command in '/ws_moveit/build/robotiq_description': CMAKE_PREFIX_PATH=/opt/ros/humble /usr/bin/cmake --install /ws_moveit/build/robotiq_description
[0.562s] -- Install configuration: ""
[0.562s] -- Installing: /ws_moveit/install/robotiq_description/share/robotiq_description/config
[0.562s] -- Installing: /ws_moveit/install/robotiq_description/share/robotiq_description/config/robotiq_controllers.yaml
[0.562s] -- Installing: /ws_moveit/install/robotiq_description/share/robotiq_description/launch
[0.562s] -- Installing: /ws_moveit/install/robotiq_description/share/robotiq_description/launch/view_gripper.launch.py
[0.562s] -- Installing: /ws_moveit/install/robotiq_description/share/robotiq_description/launch/robotiq_control.launch.py
[0.562s] -- Installing: /ws_moveit/install/robotiq_description/share/robotiq_description/meshes
[0.563s] -- Installing: /ws_moveit/install/robotiq_description/share/robotiq_description/meshes/visual
[0.563s] -- Installing: /ws_moveit/install/robotiq_description/share/robotiq_description/meshes/visual/2f_85
[0.563s] -- Installing: /ws_moveit/install/robotiq_description/share/robotiq_description/meshes/visual/2f_85/ur_to_robotiq_adapter.dae
[0.563s] -- Installing: /ws_moveit/install/robotiq_description/share/robotiq_description/meshes/visual/2f_85/robotiq_base.dae
[0.565s] -- Installing: /ws_moveit/install/robotiq_description/share/robotiq_description/meshes/visual/2f_85/left_knuckle.dae
[0.565s] -- Installing: /ws_moveit/install/robotiq_description/share/robotiq_description/meshes/visual/2f_85/left_inner_knuckle.dae
[0.565s] -- Installing: /ws_moveit/install/robotiq_description/share/robotiq_description/meshes/visual/2f_85/right_finger.dae
[0.565s] -- Installing: /ws_moveit/install/robotiq_description/share/robotiq_description/meshes/visual/2f_85/right_inner_knuckle.dae
[0.565s] -- Installing: /ws_moveit/install/robotiq_description/share/robotiq_description/meshes/visual/2f_85/left_finger.dae
[0.566s] -- Installing: /ws_moveit/install/robotiq_description/share/robotiq_description/meshes/visual/2f_85/right_finger_tip.dae
[0.566s] -- Installing: /ws_moveit/install/robotiq_description/share/robotiq_description/meshes/visual/2f_85/right_knuckle.dae
[0.566s] -- Installing: /ws_moveit/install/robotiq_description/share/robotiq_description/meshes/visual/2f_85/left_finger_tip.dae
[0.566s] -- Installing: /ws_moveit/install/robotiq_description/share/robotiq_description/meshes/visual/2f_140
[0.566s] -- Installing: /ws_moveit/install/robotiq_description/share/robotiq_description/meshes/visual/2f_140/robotiq_2f_140_outer_knuckle.stl
[0.566s] -- Installing: /ws_moveit/install/robotiq_description/share/robotiq_description/meshes/visual/2f_140/robotiq_2f_140_inner_knuckle.stl
[0.567s] -- Installing: /ws_moveit/install/robotiq_description/share/robotiq_description/meshes/visual/2f_140/robotiq_2f_140_inner_finger.stl
[0.567s] -- Installing: /ws_moveit/install/robotiq_description/share/robotiq_description/meshes/visual/2f_140/robotiq_2f_140_outer_finger.stl
[0.567s] -- Installing: /ws_moveit/install/robotiq_description/share/robotiq_description/meshes/visual/2f_140/robotiq_2f_140_base_link.stl
[0.568s] -- Installing: /ws_moveit/install/robotiq_description/share/robotiq_description/meshes/visual/2f_140/robotiq_2f_140_coupling.stl
[0.568s] -- Installing: /ws_moveit/install/robotiq_description/share/robotiq_description/meshes/collision
[0.568s] -- Installing: /ws_moveit/install/robotiq_description/share/robotiq_description/meshes/collision/2f_85
[0.568s] -- Installing: /ws_moveit/install/robotiq_description/share/robotiq_description/meshes/collision/2f_85/left_inner_knuckle.stl
[0.568s] -- Installing: /ws_moveit/install/robotiq_description/share/robotiq_description/meshes/collision/2f_85/left_knuckle.stl
[0.568s] -- Installing: /ws_moveit/install/robotiq_description/share/robotiq_description/meshes/collision/2f_85/right_knuckle.stl
[0.568s] -- Installing: /ws_moveit/install/robotiq_description/share/robotiq_description/meshes/collision/2f_85/left_finger_tip.stl
[0.568s] -- Installing: /ws_moveit/install/robotiq_description/share/robotiq_description/meshes/collision/2f_85/right_finger_tip.stl
[0.568s] -- Installing: /ws_moveit/install/robotiq_description/share/robotiq_description/meshes/collision/2f_85/robotiq_base.stl
[0.569s] -- Installing: /ws_moveit/install/robotiq_description/share/robotiq_description/meshes/collision/2f_85/left_finger.stl
[0.569s] -- Installing: /ws_moveit/install/robotiq_description/share/robotiq_description/meshes/collision/2f_85/ur_to_robotiq_adapter.stl
[0.569s] -- Installing: /ws_moveit/install/robotiq_description/share/robotiq_description/meshes/collision/2f_85/right_inner_knuckle.stl
[0.569s] -- Installing: /ws_moveit/install/robotiq_description/share/robotiq_description/meshes/collision/2f_85/right_finger.stl
[0.569s] -- Installing: /ws_moveit/install/robotiq_description/share/robotiq_description/meshes/collision/2f_140
[0.569s] -- Installing: /ws_moveit/install/robotiq_description/share/robotiq_description/meshes/collision/2f_140/robotiq_2f_140_outer_knuckle.stl
[0.569s] -- Installing: /ws_moveit/install/robotiq_description/share/robotiq_description/meshes/collision/2f_140/robotiq_2f_140_inner_knuckle.stl
[0.569s] -- Installing: /ws_moveit/install/robotiq_description/share/robotiq_description/meshes/collision/2f_140/robotiq_2f_140_inner_finger.stl
[0.569s] -- Installing: /ws_moveit/install/robotiq_description/share/robotiq_description/meshes/collision/2f_140/robotiq_2f_140_outer_finger.stl
[0.569s] -- Installing: /ws_moveit/install/robotiq_description/share/robotiq_description/meshes/collision/2f_140/robotiq_2f_140_base_link.stl
[0.570s] -- Installing: /ws_moveit/install/robotiq_description/share/robotiq_description/meshes/collision/2f_140/robotiq_2f_140_coupling.stl
[0.570s] -- Installing: /ws_moveit/install/robotiq_description/share/robotiq_description/rviz
[0.570s] -- Installing: /ws_moveit/install/robotiq_description/share/robotiq_description/rviz/view_urdf.rviz
[0.570s] -- Installing: /ws_moveit/install/robotiq_description/share/robotiq_description/urdf
[0.570s] -- Installing: /ws_moveit/install/robotiq_description/share/robotiq_description/urdf/2f_140.ros2_control.xacro
[0.570s] -- Installing: /ws_moveit/install/robotiq_description/share/robotiq_description/urdf/robotiq_2f_140_gripper.urdf.xacro
[0.570s] -- Installing: /ws_moveit/install/robotiq_description/share/robotiq_description/urdf/robotiq_2f_140.xacro
[0.570s] -- Installing: /ws_moveit/install/robotiq_description/share/robotiq_description/urdf/2f_85.ros2_control.xacro
[0.570s] -- Installing: /ws_moveit/install/robotiq_description/share/robotiq_description/urdf/robotiq_2f_85_gripper.urdf.xacro
[0.570s] -- Installing: /ws_moveit/install/robotiq_description/share/robotiq_description/urdf/ur_to_robotiq_adapter.urdf.xacro
[0.570s] -- Installing: /ws_moveit/install/robotiq_description/share/robotiq_description/urdf/robotiq_2f_140_macro.urdf.xacro
[0.570s] -- Installing: /ws_moveit/install/robotiq_description/share/robotiq_description/urdf/robotiq_2f_85_macro.urdf.xacro
[0.571s] -- Installing: /ws_moveit/install/robotiq_description/share/ament_index/resource_index/package_run_dependencies/robotiq_description
[0.571s] -- Installing: /ws_moveit/install/robotiq_description/share/ament_index/resource_index/parent_prefix_path/robotiq_description
[0.571s] -- Installing: /ws_moveit/install/robotiq_description/share/robotiq_description/environment/ament_prefix_path.sh
[0.571s] -- Installing: /ws_moveit/install/robotiq_description/share/robotiq_description/environment/ament_prefix_path.dsv
[0.571s] -- Installing: /ws_moveit/install/robotiq_description/share/robotiq_description/environment/path.sh
[0.571s] -- Installing: /ws_moveit/install/robotiq_description/share/robotiq_description/environment/path.dsv
[0.571s] -- Installing: /ws_moveit/install/robotiq_description/share/robotiq_description/local_setup.bash
[0.571s] -- Installing: /ws_moveit/install/robotiq_description/share/robotiq_description/local_setup.sh
[0.572s] -- Installing: /ws_moveit/install/robotiq_description/share/robotiq_description/local_setup.zsh
[0.572s] -- Installing: /ws_moveit/install/robotiq_description/share/robotiq_description/local_setup.dsv
[0.572s] -- Installing: /ws_moveit/install/robotiq_description/share/robotiq_description/package.dsv
[0.572s] -- Installing: /ws_moveit/install/robotiq_description/share/ament_index/resource_index/packages/robotiq_description
[0.572s] -- Installing: /ws_moveit/install/robotiq_description/share/robotiq_description/cmake/robotiq_descriptionConfig.cmake
[0.572s] -- Installing: /ws_moveit/install/robotiq_description/share/robotiq_description/cmake/robotiq_descriptionConfig-version.cmake
[0.572s] -- Installing: /ws_moveit/install/robotiq_description/share/robotiq_description/package.xml
[0.574s] Invoked command in '/ws_moveit/build/robotiq_description' returned '0': CMAKE_PREFIX_PATH=/opt/ros/humble /usr/bin/cmake --install /ws_moveit/build/robotiq_description
