[0.015s] Invoking command in '/ws_moveit/build/ur_description': CMAKE_PREFIX_PATH=/opt/ros/humble /usr/bin/cmake /ws_moveit/src/Universal_Robots_ROS2_Description -DCMAKE_INSTALL_PREFIX=/ws_moveit/install/ur_description
[0.067s] -- The C compiler identification is GNU 11.4.0
[0.113s] -- The CXX compiler identification is GNU 11.4.0
[0.119s] -- Detecting C compiler ABI info
[0.175s] -- Detecting C compiler ABI info - done
[0.180s] -- Check for working C compiler: /usr/bin/cc - skipped
[0.180s] -- Detecting C compile features
[0.180s] -- Detecting C compile features - done
[0.182s] -- Detecting CXX compiler ABI info
[0.244s] -- Detecting CXX compiler ABI info - done
[0.250s] -- Check for working CXX compiler: /usr/bin/c++ - skipped
[0.251s] -- Detecting CXX compile features
[0.251s] -- Detecting CXX compile features - done
[0.255s] -- Found ament_cmake: 1.3.11 (/opt/ros/humble/share/ament_cmake/cmake)
[0.369s] -- Found Python3: /usr/bin/python3 (found version "3.10.12") found components: Interpreter 
[0.454s] -- Found ament_cmake_pytest: 1.3.11 (/opt/ros/humble/share/ament_cmake_pytest/cmake)
[0.965s] -- Configuring done
[0.967s] -- Generating done
[0.967s] -- Build files have been written to: /ws_moveit/build/ur_description
[0.971s] Invoked command in '/ws_moveit/build/ur_description' returned '0': CMAKE_PREFIX_PATH=/opt/ros/humble /usr/bin/cmake /ws_moveit/src/Universal_Robots_ROS2_Description -DCMAKE_INSTALL_PREFIX=/ws_moveit/install/ur_description
[0.972s] Invoking command in '/ws_moveit/build/ur_description': CMAKE_PREFIX_PATH=/opt/ros/humble /usr/bin/cmake --build /ws_moveit/build/ur_description -- -j12 -l12
[1.001s] Invoked command in '/ws_moveit/build/ur_description' returned '0': CMAKE_PREFIX_PATH=/opt/ros/humble /usr/bin/cmake --build /ws_moveit/build/ur_description -- -j12 -l12
[1.003s] Invoking command in '/ws_moveit/build/ur_description': CMAKE_PREFIX_PATH=/opt/ros/humble /usr/bin/cmake --install /ws_moveit/build/ur_description
[1.009s] -- Install configuration: ""
[1.009s] -- Installing: /ws_moveit/install/ur_description/share/ur_description/config
[1.009s] -- Installing: /ws_moveit/install/ur_description/share/ur_description/config/ur5
[1.009s] -- Installing: /ws_moveit/install/ur_description/share/ur_description/config/ur5/physical_parameters.yaml
[1.010s] -- Installing: /ws_moveit/install/ur_description/share/ur_description/config/ur5/default_kinematics.yaml
[1.010s] -- Installing: /ws_moveit/install/ur_description/share/ur_description/config/ur5/visual_parameters.yaml
[1.010s] -- Installing: /ws_moveit/install/ur_description/share/ur_description/config/ur5/joint_limits.yaml
[1.010s] -- Installing: /ws_moveit/install/ur_description/share/ur_description/config/ur20
[1.010s] -- Installing: /ws_moveit/install/ur_description/share/ur_description/config/ur20/physical_parameters.yaml
[1.010s] -- Installing: /ws_moveit/install/ur_description/share/ur_description/config/ur20/default_kinematics.yaml
[1.010s] -- Installing: /ws_moveit/install/ur_description/share/ur_description/config/ur20/visual_parameters.yaml
[1.010s] -- Installing: /ws_moveit/install/ur_description/share/ur_description/config/ur20/joint_limits.yaml
[1.010s] -- Installing: /ws_moveit/install/ur_description/share/ur_description/config/ur12e
[1.010s] -- Installing: /ws_moveit/install/ur_description/share/ur_description/config/ur12e/physical_parameters.yaml
[1.010s] -- Installing: /ws_moveit/install/ur_description/share/ur_description/config/ur12e/default_kinematics.yaml
[1.010s] -- Installing: /ws_moveit/install/ur_description/share/ur_description/config/ur12e/visual_parameters.yaml
[1.010s] -- Installing: /ws_moveit/install/ur_description/share/ur_description/config/ur12e/joint_limits.yaml
[1.010s] -- Installing: /ws_moveit/install/ur_description/share/ur_description/config/ur3e
[1.010s] -- Installing: /ws_moveit/install/ur_description/share/ur_description/config/ur3e/physical_parameters.yaml
[1.011s] -- Installing: /ws_moveit/install/ur_description/share/ur_description/config/ur3e/default_kinematics.yaml
[1.011s] -- Installing: /ws_moveit/install/ur_description/share/ur_description/config/ur3e/visual_parameters.yaml
[1.011s] -- Installing: /ws_moveit/install/ur_description/share/ur_description/config/ur3e/joint_limits.yaml
[1.011s] -- Installing: /ws_moveit/install/ur_description/share/ur_description/config/initial_positions.yaml
[1.011s] -- Installing: /ws_moveit/install/ur_description/share/ur_description/config/ur3
[1.011s] -- Installing: /ws_moveit/install/ur_description/share/ur_description/config/ur3/physical_parameters.yaml
[1.011s] -- Installing: /ws_moveit/install/ur_description/share/ur_description/config/ur3/default_kinematics.yaml
[1.011s] -- Installing: /ws_moveit/install/ur_description/share/ur_description/config/ur3/visual_parameters.yaml
[1.011s] -- Installing: /ws_moveit/install/ur_description/share/ur_description/config/ur3/joint_limits.yaml
[1.011s] -- Installing: /ws_moveit/install/ur_description/share/ur_description/config/ur5e
[1.011s] -- Installing: /ws_moveit/install/ur_description/share/ur_description/config/ur5e/physical_parameters.yaml
[1.011s] -- Installing: /ws_moveit/install/ur_description/share/ur_description/config/ur5e/default_kinematics.yaml
[1.011s] -- Installing: /ws_moveit/install/ur_description/share/ur_description/config/ur5e/visual_parameters.yaml
[1.011s] -- Installing: /ws_moveit/install/ur_description/share/ur_description/config/ur5e/joint_limits.yaml
[1.011s] -- Installing: /ws_moveit/install/ur_description/share/ur_description/config/ur16e
[1.011s] -- Installing: /ws_moveit/install/ur_description/share/ur_description/config/ur16e/physical_parameters.yaml
[1.011s] -- Installing: /ws_moveit/install/ur_description/share/ur_description/config/ur16e/default_kinematics.yaml
[1.012s] -- Installing: /ws_moveit/install/ur_description/share/ur_description/config/ur16e/visual_parameters.yaml
[1.012s] -- Installing: /ws_moveit/install/ur_description/share/ur_description/config/ur16e/joint_limits.yaml
[1.012s] -- Installing: /ws_moveit/install/ur_description/share/ur_description/config/ur10e
[1.012s] -- Installing: /ws_moveit/install/ur_description/share/ur_description/config/ur10e/physical_parameters.yaml
[1.012s] -- Installing: /ws_moveit/install/ur_description/share/ur_description/config/ur10e/default_kinematics.yaml
[1.012s] -- Installing: /ws_moveit/install/ur_description/share/ur_description/config/ur10e/visual_parameters.yaml
[1.012s] -- Installing: /ws_moveit/install/ur_description/share/ur_description/config/ur10e/joint_limits.yaml
[1.012s] -- Installing: /ws_moveit/install/ur_description/share/ur_description/config/ur30
[1.012s] -- Installing: /ws_moveit/install/ur_description/share/ur_description/config/ur30/physical_parameters.yaml
[1.012s] -- Installing: /ws_moveit/install/ur_description/share/ur_description/config/ur30/default_kinematics.yaml
[1.012s] -- Installing: /ws_moveit/install/ur_description/share/ur_description/config/ur30/visual_parameters.yaml
[1.012s] -- Installing: /ws_moveit/install/ur_description/share/ur_description/config/ur30/joint_limits.yaml
[1.012s] -- Installing: /ws_moveit/install/ur_description/share/ur_description/config/ur15
[1.012s] -- Installing: /ws_moveit/install/ur_description/share/ur_description/config/ur15/physical_parameters.yaml
[1.012s] -- Installing: /ws_moveit/install/ur_description/share/ur_description/config/ur15/default_kinematics.yaml
[1.012s] -- Installing: /ws_moveit/install/ur_description/share/ur_description/config/ur15/visual_parameters.yaml
[1.012s] -- Installing: /ws_moveit/install/ur_description/share/ur_description/config/ur15/joint_limits.yaml
[1.012s] -- Installing: /ws_moveit/install/ur_description/share/ur_description/config/ur10
[1.012s] -- Installing: /ws_moveit/install/ur_description/share/ur_description/config/ur10/physical_parameters.yaml
[1.013s] -- Installing: /ws_moveit/install/ur_description/share/ur_description/config/ur10/default_kinematics.yaml
[1.013s] -- Installing: /ws_moveit/install/ur_description/share/ur_description/config/ur10/visual_parameters.yaml
[1.013s] -- Installing: /ws_moveit/install/ur_description/share/ur_description/config/ur10/joint_limits.yaml
[1.013s] -- Installing: /ws_moveit/install/ur_description/share/ur_description/config/ur7e
[1.013s] -- Installing: /ws_moveit/install/ur_description/share/ur_description/config/ur7e/physical_parameters.yaml
[1.013s] -- Installing: /ws_moveit/install/ur_description/share/ur_description/config/ur7e/default_kinematics.yaml
[1.013s] -- Installing: /ws_moveit/install/ur_description/share/ur_description/config/ur7e/visual_parameters.yaml
[1.013s] -- Installing: /ws_moveit/install/ur_description/share/ur_description/config/ur7e/joint_limits.yaml
[1.013s] -- Installing: /ws_moveit/install/ur_description/share/ur_description/launch
[1.013s] -- Installing: /ws_moveit/install/ur_description/share/ur_description/launch/view_ur.launch.py
[1.013s] -- Installing: /ws_moveit/install/ur_description/share/ur_description/meshes
[1.013s] -- Installing: /ws_moveit/install/ur_description/share/ur_description/meshes/ur5
[1.013s] -- Installing: /ws_moveit/install/ur_description/share/ur_description/meshes/ur5/visual
[1.013s] -- Installing: /ws_moveit/install/ur_description/share/ur_description/meshes/ur5/visual/wrist3.dae
[1.013s] -- Installing: /ws_moveit/install/ur_description/share/ur_description/meshes/ur5/visual/wrist1.dae
[1.013s] -- Installing: /ws_moveit/install/ur_description/share/ur_description/meshes/ur5/visual/wrist2.dae
[1.013s] -- Installing: /ws_moveit/install/ur_description/share/ur_description/meshes/ur5/visual/base.dae
[1.013s] -- Installing: /ws_moveit/install/ur_description/share/ur_description/meshes/ur5/visual/forearm.dae
[1.014s] -- Installing: /ws_moveit/install/ur_description/share/ur_description/meshes/ur5/visual/upperarm.dae
[1.014s] -- Installing: /ws_moveit/install/ur_description/share/ur_description/meshes/ur5/visual/shoulder.dae
[1.015s] -- Installing: /ws_moveit/install/ur_description/share/ur_description/meshes/ur5/collision
[1.015s] -- Installing: /ws_moveit/install/ur_description/share/ur_description/meshes/ur5/collision/shoulder.stl
[1.015s] -- Installing: /ws_moveit/install/ur_description/share/ur_description/meshes/ur5/collision/wrist2.stl
[1.015s] -- Installing: /ws_moveit/install/ur_description/share/ur_description/meshes/ur5/collision/base.stl
[1.015s] -- Installing: /ws_moveit/install/ur_description/share/ur_description/meshes/ur5/collision/wrist1.stl
[1.015s] -- Installing: /ws_moveit/install/ur_description/share/ur_description/meshes/ur5/collision/upperarm.stl
[1.015s] -- Installing: /ws_moveit/install/ur_description/share/ur_description/meshes/ur5/collision/wrist3.stl
[1.015s] -- Installing: /ws_moveit/install/ur_description/share/ur_description/meshes/ur5/collision/forearm.stl
[1.016s] -- Installing: /ws_moveit/install/ur_description/share/ur_description/meshes/ur20
[1.016s] -- Installing: /ws_moveit/install/ur_description/share/ur_description/meshes/ur20/visual
[1.016s] -- Installing: /ws_moveit/install/ur_description/share/ur_description/meshes/ur20/visual/wrist3.dae
[1.016s] -- Installing: /ws_moveit/install/ur_description/share/ur_description/meshes/ur20/visual/UR20_DIFF_8bit_2K.png
[1.017s] -- Installing: /ws_moveit/install/ur_description/share/ur_description/meshes/ur20/visual/wrist1.dae
[1.017s] -- Installing: /ws_moveit/install/ur_description/share/ur_description/meshes/ur20/visual/wrist2.dae
[1.017s] -- Installing: /ws_moveit/install/ur_description/share/ur_description/meshes/ur20/visual/base.dae
[1.017s] -- Installing: /ws_moveit/install/ur_description/share/ur_description/meshes/ur20/visual/forearm.dae
[1.018s] -- Installing: /ws_moveit/install/ur_description/share/ur_description/meshes/ur20/visual/upperarm.dae
[1.018s] -- Installing: /ws_moveit/install/ur_description/share/ur_description/meshes/ur20/visual/shoulder.dae
[1.018s] -- Installing: /ws_moveit/install/ur_description/share/ur_description/meshes/ur20/LICENSE.txt
[1.018s] -- Installing: /ws_moveit/install/ur_description/share/ur_description/meshes/ur20/collision
[1.018s] -- Installing: /ws_moveit/install/ur_description/share/ur_description/meshes/ur20/collision/shoulder.stl
[1.018s] -- Installing: /ws_moveit/install/ur_description/share/ur_description/meshes/ur20/collision/wrist2.stl
[1.018s] -- Installing: /ws_moveit/install/ur_description/share/ur_description/meshes/ur20/collision/base.stl
[1.018s] -- Installing: /ws_moveit/install/ur_description/share/ur_description/meshes/ur20/collision/wrist1.stl
[1.019s] -- Installing: /ws_moveit/install/ur_description/share/ur_description/meshes/ur20/collision/upperarm.stl
[1.019s] -- Installing: /ws_moveit/install/ur_description/share/ur_description/meshes/ur20/collision/wrist3.stl
[1.019s] -- Installing: /ws_moveit/install/ur_description/share/ur_description/meshes/ur20/collision/forearm.stl
[1.019s] -- Installing: /ws_moveit/install/ur_description/share/ur_description/meshes/ur3e
[1.019s] -- Installing: /ws_moveit/install/ur_description/share/ur_description/meshes/ur3e/visual
[1.019s] -- Installing: /ws_moveit/install/ur_description/share/ur_description/meshes/ur3e/visual/wrist3.dae
[1.019s] -- Installing: /ws_moveit/install/ur_description/share/ur_description/meshes/ur3e/visual/wrist1.dae
[1.020s] -- Installing: /ws_moveit/install/ur_description/share/ur_description/meshes/ur3e/visual/wrist2.dae
[1.021s] -- Installing: /ws_moveit/install/ur_description/share/ur_description/meshes/ur3e/visual/base.dae
[1.021s] -- Installing: /ws_moveit/install/ur_description/share/ur_description/meshes/ur3e/visual/forearm.dae
[1.022s] -- Installing: /ws_moveit/install/ur_description/share/ur_description/meshes/ur3e/visual/upperarm.dae
[1.024s] -- Installing: /ws_moveit/install/ur_description/share/ur_description/meshes/ur3e/visual/shoulder.dae
[1.025s] -- Installing: /ws_moveit/install/ur_description/share/ur_description/meshes/ur3e/collision
[1.025s] -- Installing: /ws_moveit/install/ur_description/share/ur_description/meshes/ur3e/collision/shoulder.stl
[1.025s] -- Installing: /ws_moveit/install/ur_description/share/ur_description/meshes/ur3e/collision/wrist2.stl
[1.025s] -- Installing: /ws_moveit/install/ur_description/share/ur_description/meshes/ur3e/collision/base.stl
[1.025s] -- Installing: /ws_moveit/install/ur_description/share/ur_description/meshes/ur3e/collision/wrist1.stl
[1.025s] -- Installing: /ws_moveit/install/ur_description/share/ur_description/meshes/ur3e/collision/upperarm.stl
[1.025s] -- Installing: /ws_moveit/install/ur_description/share/ur_description/meshes/ur3e/collision/wrist3.stl
[1.025s] -- Installing: /ws_moveit/install/ur_description/share/ur_description/meshes/ur3e/collision/forearm.stl
[1.025s] -- Installing: /ws_moveit/install/ur_description/share/ur_description/meshes/ur3
[1.026s] -- Installing: /ws_moveit/install/ur_description/share/ur_description/meshes/ur3/visual
[1.026s] -- Installing: /ws_moveit/install/ur_description/share/ur_description/meshes/ur3/visual/wrist3.dae
[1.026s] -- Installing: /ws_moveit/install/ur_description/share/ur_description/meshes/ur3/visual/wrist1.dae
[1.026s] -- Installing: /ws_moveit/install/ur_description/share/ur_description/meshes/ur3/visual/wrist2.dae
[1.026s] -- Installing: /ws_moveit/install/ur_description/share/ur_description/meshes/ur3/visual/base.dae
[1.027s] -- Installing: /ws_moveit/install/ur_description/share/ur_description/meshes/ur3/visual/forearm.dae
[1.027s] -- Installing: /ws_moveit/install/ur_description/share/ur_description/meshes/ur3/visual/upperarm.dae
[1.028s] -- Installing: /ws_moveit/install/ur_description/share/ur_description/meshes/ur3/visual/shoulder.dae
[1.029s] -- Installing: /ws_moveit/install/ur_description/share/ur_description/meshes/ur3/collision
[1.029s] -- Installing: /ws_moveit/install/ur_description/share/ur_description/meshes/ur3/collision/shoulder.stl
[1.029s] -- Installing: /ws_moveit/install/ur_description/share/ur_description/meshes/ur3/collision/wrist2.stl
[1.029s] -- Installing: /ws_moveit/install/ur_description/share/ur_description/meshes/ur3/collision/base.stl
[1.030s] -- Installing: /ws_moveit/install/ur_description/share/ur_description/meshes/ur3/collision/wrist1.stl
[1.030s] -- Installing: /ws_moveit/install/ur_description/share/ur_description/meshes/ur3/collision/upperarm.stl
[1.030s] -- Installing: /ws_moveit/install/ur_description/share/ur_description/meshes/ur3/collision/wrist3.stl
[1.030s] -- Installing: /ws_moveit/install/ur_description/share/ur_description/meshes/ur3/collision/forearm.stl
[1.031s] -- Installing: /ws_moveit/install/ur_description/share/ur_description/meshes/ur5e
[1.031s] -- Installing: /ws_moveit/install/ur_description/share/ur_description/meshes/ur5e/visual
[1.031s] -- Installing: /ws_moveit/install/ur_description/share/ur_description/meshes/ur5e/visual/wrist3.dae
[1.031s] -- Installing: /ws_moveit/install/ur_description/share/ur_description/meshes/ur5e/visual/wrist1.dae
[1.031s] -- Installing: /ws_moveit/install/ur_description/share/ur_description/meshes/ur5e/visual/wrist2.dae
[1.032s] -- Installing: /ws_moveit/install/ur_description/share/ur_description/meshes/ur5e/visual/base.dae
[1.032s] -- Installing: /ws_moveit/install/ur_description/share/ur_description/meshes/ur5e/visual/forearm.dae
[1.033s] -- Installing: /ws_moveit/install/ur_description/share/ur_description/meshes/ur5e/visual/upperarm.dae
[1.035s] -- Installing: /ws_moveit/install/ur_description/share/ur_description/meshes/ur5e/visual/shoulder.dae
[1.036s] -- Installing: /ws_moveit/install/ur_description/share/ur_description/meshes/ur5e/collision
[1.036s] -- Installing: /ws_moveit/install/ur_description/share/ur_description/meshes/ur5e/collision/shoulder.stl
[1.036s] -- Installing: /ws_moveit/install/ur_description/share/ur_description/meshes/ur5e/collision/wrist2.stl
[1.036s] -- Installing: /ws_moveit/install/ur_description/share/ur_description/meshes/ur5e/collision/base.stl
[1.036s] -- Installing: /ws_moveit/install/ur_description/share/ur_description/meshes/ur5e/collision/wrist1.stl
[1.036s] -- Installing: /ws_moveit/install/ur_description/share/ur_description/meshes/ur5e/collision/upperarm.stl
[1.036s] -- Installing: /ws_moveit/install/ur_description/share/ur_description/meshes/ur5e/collision/wrist3.stl
[1.036s] -- Installing: /ws_moveit/install/ur_description/share/ur_description/meshes/ur5e/collision/forearm.stl
[1.037s] -- Installing: /ws_moveit/install/ur_description/share/ur_description/meshes/ur16e
[1.037s] -- Installing: /ws_moveit/install/ur_description/share/ur_description/meshes/ur16e/visual
[1.037s] -- Installing: /ws_moveit/install/ur_description/share/ur_description/meshes/ur16e/visual/forearm.dae
[1.037s] -- Installing: /ws_moveit/install/ur_description/share/ur_description/meshes/ur16e/visual/upperarm.dae
[1.039s] -- Installing: /ws_moveit/install/ur_description/share/ur_description/meshes/ur16e/collision
[1.039s] -- Installing: /ws_moveit/install/ur_description/share/ur_description/meshes/ur16e/collision/upperarm.stl
[1.039s] -- Installing: /ws_moveit/install/ur_description/share/ur_description/meshes/ur16e/collision/forearm.stl
[1.039s] -- Installing: /ws_moveit/install/ur_description/share/ur_description/meshes/ur10e
[1.039s] -- Installing: /ws_moveit/install/ur_description/share/ur_description/meshes/ur10e/visual
[1.039s] -- Installing: /ws_moveit/install/ur_description/share/ur_description/meshes/ur10e/visual/wrist3.dae
[1.039s] -- Installing: /ws_moveit/install/ur_description/share/ur_description/meshes/ur10e/visual/wrist1.dae
[1.040s] -- Installing: /ws_moveit/install/ur_description/share/ur_description/meshes/ur10e/visual/wrist2.dae
[1.041s] -- Installing: /ws_moveit/install/ur_description/share/ur_description/meshes/ur10e/visual/base.dae
[1.041s] -- Installing: /ws_moveit/install/ur_description/share/ur_description/meshes/ur10e/visual/forearm.dae
[1.042s] -- Installing: /ws_moveit/install/ur_description/share/ur_description/meshes/ur10e/visual/upperarm.dae
[1.044s] -- Installing: /ws_moveit/install/ur_description/share/ur_description/meshes/ur10e/visual/shoulder.dae
[1.045s] -- Installing: /ws_moveit/install/ur_description/share/ur_description/meshes/ur10e/collision
[1.045s] -- Installing: /ws_moveit/install/ur_description/share/ur_description/meshes/ur10e/collision/shoulder.stl
[1.045s] -- Installing: /ws_moveit/install/ur_description/share/ur_description/meshes/ur10e/collision/wrist2.stl
[1.045s] -- Installing: /ws_moveit/install/ur_description/share/ur_description/meshes/ur10e/collision/base.stl
[1.045s] -- Installing: /ws_moveit/install/ur_description/share/ur_description/meshes/ur10e/collision/wrist1.stl
[1.045s] -- Installing: /ws_moveit/install/ur_description/share/ur_description/meshes/ur10e/collision/upperarm.stl
[1.045s] -- Installing: /ws_moveit/install/ur_description/share/ur_description/meshes/ur10e/collision/wrist3.stl
[1.045s] -- Installing: /ws_moveit/install/ur_description/share/ur_description/meshes/ur10e/collision/forearm.stl
[1.046s] -- Installing: /ws_moveit/install/ur_description/share/ur_description/meshes/ur30
[1.046s] -- Installing: /ws_moveit/install/ur_description/share/ur_description/meshes/ur30/visual
[1.046s] -- Installing: /ws_moveit/install/ur_description/share/ur_description/meshes/ur30/visual/forearm.dae
[1.046s] -- Installing: /ws_moveit/install/ur_description/share/ur_description/meshes/ur30/visual/UR30_DIFF_8bit_2K.png
[1.046s] -- Installing: /ws_moveit/install/ur_description/share/ur_description/meshes/ur30/visual/upperarm.dae
[1.047s] -- Installing: /ws_moveit/install/ur_description/share/ur_description/meshes/ur30/LICENSE.txt
[1.047s] -- Installing: /ws_moveit/install/ur_description/share/ur_description/meshes/ur30/collision
[1.047s] -- Installing: /ws_moveit/install/ur_description/share/ur_description/meshes/ur30/collision/upperarm.stl
[1.047s] -- Installing: /ws_moveit/install/ur_description/share/ur_description/meshes/ur30/collision/forearm.stl
[1.047s] -- Installing: /ws_moveit/install/ur_description/share/ur_description/meshes/ur15
[1.047s] -- Installing: /ws_moveit/install/ur_description/share/ur_description/meshes/ur15/visual
[1.047s] -- Installing: /ws_moveit/install/ur_description/share/ur_description/meshes/ur15/visual/wrist3.dae
[1.047s] -- Installing: /ws_moveit/install/ur_description/share/ur_description/meshes/ur15/visual/wrist1.dae
[1.047s] -- Installing: /ws_moveit/install/ur_description/share/ur_description/meshes/ur15/visual/wrist2.dae
[1.048s] -- Installing: /ws_moveit/install/ur_description/share/ur_description/meshes/ur15/visual/base.dae
[1.048s] -- Installing: /ws_moveit/install/ur_description/share/ur_description/meshes/ur15/visual/UR15_DIFF_8bit_2K.jpg
[1.048s] -- Installing: /ws_moveit/install/ur_description/share/ur_description/meshes/ur15/visual/forearm.dae
[1.048s] -- Installing: /ws_moveit/install/ur_description/share/ur_description/meshes/ur15/visual/upperarm.dae
[1.049s] -- Installing: /ws_moveit/install/ur_description/share/ur_description/meshes/ur15/visual/shoulder.dae
[1.049s] -- Installing: /ws_moveit/install/ur_description/share/ur_description/meshes/ur15/LICENSE.txt
[1.049s] -- Installing: /ws_moveit/install/ur_description/share/ur_description/meshes/ur15/collision
[1.049s] -- Installing: /ws_moveit/install/ur_description/share/ur_description/meshes/ur15/collision/shoulder.stl
[1.049s] -- Installing: /ws_moveit/install/ur_description/share/ur_description/meshes/ur15/collision/wrist2.stl
[1.049s] -- Installing: /ws_moveit/install/ur_description/share/ur_description/meshes/ur15/collision/base.stl
[1.049s] -- Installing: /ws_moveit/install/ur_description/share/ur_description/meshes/ur15/collision/wrist1.stl
[1.049s] -- Installing: /ws_moveit/install/ur_description/share/ur_description/meshes/ur15/collision/upperarm.stl
[1.049s] -- Installing: /ws_moveit/install/ur_description/share/ur_description/meshes/ur15/collision/wrist3.stl
[1.049s] -- Installing: /ws_moveit/install/ur_description/share/ur_description/meshes/ur15/collision/forearm.stl
[1.049s] -- Installing: /ws_moveit/install/ur_description/share/ur_description/meshes/ur10
[1.049s] -- Installing: /ws_moveit/install/ur_description/share/ur_description/meshes/ur10/visual
[1.049s] -- Installing: /ws_moveit/install/ur_description/share/ur_description/meshes/ur10/visual/wrist3.dae
[1.049s] -- Installing: /ws_moveit/install/ur_description/share/ur_description/meshes/ur10/visual/wrist1.dae
[1.050s] -- Installing: /ws_moveit/install/ur_description/share/ur_description/meshes/ur10/visual/wrist2.dae
[1.051s] -- Installing: /ws_moveit/install/ur_description/share/ur_description/meshes/ur10/visual/base.dae
[1.051s] -- Installing: /ws_moveit/install/ur_description/share/ur_description/meshes/ur10/visual/forearm.dae
[1.053s] -- Installing: /ws_moveit/install/ur_description/share/ur_description/meshes/ur10/visual/upperarm.dae
[1.053s] -- Installing: /ws_moveit/install/ur_description/share/ur_description/meshes/ur10/visual/shoulder.dae
[1.054s] -- Installing: /ws_moveit/install/ur_description/share/ur_description/meshes/ur10/collision
[1.054s] -- Installing: /ws_moveit/install/ur_description/share/ur_description/meshes/ur10/collision/shoulder.stl
[1.054s] -- Installing: /ws_moveit/install/ur_description/share/ur_description/meshes/ur10/collision/wrist2.stl
[1.054s] -- Installing: /ws_moveit/install/ur_description/share/ur_description/meshes/ur10/collision/base.stl
[1.054s] -- Installing: /ws_moveit/install/ur_description/share/ur_description/meshes/ur10/collision/wrist1.stl
[1.054s] -- Installing: /ws_moveit/install/ur_description/share/ur_description/meshes/ur10/collision/upperarm.stl
[1.055s] -- Installing: /ws_moveit/install/ur_description/share/ur_description/meshes/ur10/collision/wrist3.stl
[1.055s] -- Installing: /ws_moveit/install/ur_description/share/ur_description/meshes/ur10/collision/forearm.stl
[1.055s] -- Installing: /ws_moveit/install/ur_description/share/ur_description/rviz
[1.055s] -- Installing: /ws_moveit/install/ur_description/share/ur_description/rviz/view_robot.rviz
[1.055s] -- Installing: /ws_moveit/install/ur_description/share/ur_description/urdf
[1.055s] -- Installing: /ws_moveit/install/ur_description/share/ur_description/urdf/ur.urdf.xacro
[1.055s] -- Installing: /ws_moveit/install/ur_description/share/ur_description/urdf/ur_macro.xacro
[1.055s] -- Installing: /ws_moveit/install/ur_description/share/ur_description/urdf/ur.ros2_control.xacro
[1.055s] -- Installing: /ws_moveit/install/ur_description/share/ur_description/urdf/inc
[1.055s] -- Installing: /ws_moveit/install/ur_description/share/ur_description/urdf/inc/ur_common.xacro
[1.055s] -- Installing: /ws_moveit/install/ur_description/share/ur_description/urdf/inc/ur_transmissions.xacro
[1.055s] -- Installing: /ws_moveit/install/ur_description/share/ur_description/test
[1.055s] -- Installing: /ws_moveit/install/ur_description/share/ur_description/test/test_view_ur_launch.py
[1.055s] -- Installing: /ws_moveit/install/ur_description/share/ur_description/test/test_ur_urdf_xacro.py
[1.055s] -- Installing: /ws_moveit/install/ur_description/share/ament_index/resource_index/package_run_dependencies/ur_description
[1.056s] -- Installing: /ws_moveit/install/ur_description/share/ament_index/resource_index/parent_prefix_path/ur_description
[1.056s] -- Installing: /ws_moveit/install/ur_description/share/ur_description/environment/ament_prefix_path.sh
[1.056s] -- Installing: /ws_moveit/install/ur_description/share/ur_description/environment/ament_prefix_path.dsv
[1.056s] -- Installing: /ws_moveit/install/ur_description/share/ur_description/environment/path.sh
[1.056s] -- Installing: /ws_moveit/install/ur_description/share/ur_description/environment/path.dsv
[1.056s] -- Installing: /ws_moveit/install/ur_description/share/ur_description/local_setup.bash
[1.056s] -- Installing: /ws_moveit/install/ur_description/share/ur_description/local_setup.sh
[1.056s] -- Installing: /ws_moveit/install/ur_description/share/ur_description/local_setup.zsh
[1.056s] -- Installing: /ws_moveit/install/ur_description/share/ur_description/local_setup.dsv
[1.056s] -- Installing: /ws_moveit/install/ur_description/share/ur_description/package.dsv
[1.056s] -- Installing: /ws_moveit/install/ur_description/share/ament_index/resource_index/packages/ur_description
[1.056s] -- Installing: /ws_moveit/install/ur_description/share/ur_description/cmake/ur_descriptionConfig.cmake
[1.056s] -- Installing: /ws_moveit/install/ur_description/share/ur_description/cmake/ur_descriptionConfig-version.cmake
[1.056s] -- Installing: /ws_moveit/install/ur_description/share/ur_description/package.xml
[1.058s] Invoked command in '/ws_moveit/build/ur_description' returned '0': CMAKE_PREFIX_PATH=/opt/ros/humble /usr/bin/cmake --install /ws_moveit/build/ur_description
